<?xml version="1.0" encoding="UTF-8"?>
<beans xmlns="http://www.springframework.org/schema/beans"
       xmlns:xsi="http://www.w3.org/2001/XMLSchema-instance"
       xmlns:util="http://www.springframework.org/schema/util"
       xsi:schemaLocation="http://www.springframework.org/schema/beans
               http://www.springframework.org/schema/beans/spring-beans-3.0.xsd
               http://www.springframework.org/schema/util
               http://www.springframework.org/schema/util/spring-util.xsd">

    <bean id="wsTemplate" class="org.springframework.ws.client.core.WebServiceTemplate">
        <property name="marshaller" ref="marshaller"/>
        <property name="unmarshaller" ref="marshaller"/>
        <property name="messageFactory">
            <bean class="org.springframework.ws.soap.saaj.SaajSoapMessageFactory">
                <property name="soapVersion">
                    <util:constant static-field="org.springframework.ws.soap.SoapVersion.SOAP_12"/>
                </property>
            </bean>
        </property>
        <property name="messageSender">
            <bean class="org.springframework.ws.transport.http.HttpComponentsMessageSender"/>
        </property>
        <property name="interceptors">
            <array>
                <bean class="com.github.nlatyshev.spring.ws.client.support.interceptor.PayloadTransformingInterceptor">
                    <property name="responseXslt" value="classpath:transformation/removeDiffgram.xslt"/>
                </bean>
                <bean class="com.github.nlatyshev.spring.ws.client.support.interceptor.SoapSessionSupportInterceptor"/>
            </array>
        </property>
    </bean>

    <bean id="marshaller" class="org.springframework.oxm.jaxb.Jaxb2Marshaller">
        <property name="packagesToScan" value="com.github.nlatyshev.spring.ws.client.support.interceptor.diffgram.schema"/>
    </bean>

</beans>